[35m[2024-09-15 16:53:41][0;39m [32m[main][0;39m [34m[INFO ][0;39m [36mme.kirito5572.App[0;39m - [1;35mStart up
[0;39m[35m[2024-09-15 16:53:41][0;39m [32m[main][0;39m [34m[INFO ][0;39m [36mme.kirito5572.App[0;39m - [1;35mOS: windows 11
[0;39m[35m[2024-09-15 16:53:41][0;39m [32m[main][0;39m [1;31m[ERROR][0;39m [36mme.kirito5572.App[0;39m - [1;35malpha program version: alpha version
[0;39m[35m[2024-09-15 16:53:41][0;39m [32m[main][0;39m [34m[INFO ][0;39m [36mme.kirito5572.App[0;39m - [1;35mê¸°ë³¸ ì •ë³´ ë¡œë”©ë¨, SQL ì„œë²„ì— ì ‘ì† ì‹œë„...
[0;39m[35m[2024-09-15 16:54:24][0;39m [32m[main][0;39m [34m[INFO ][0;39m [36mme.kirito5572.App[0;39m - [1;35mStart up
[0;39m[35m[2024-09-15 16:54:24][0;39m [32m[main][0;39m [34m[INFO ][0;39m [36mme.kirito5572.App[0;39m - [1;35mOS: windows 11
[0;39m[35m[2024-09-15 16:54:24][0;39m [32m[main][0;39m [1;31m[ERROR][0;39m [36mme.kirito5572.App[0;39m - [1;35malpha program version: alpha version
[0;39m[35m[2024-09-15 16:54:24][0;39m [32m[main][0;39m [34m[INFO ][0;39m [36mme.kirito5572.App[0;39m - [1;35mê¸°ë³¸ ì •ë³´ ë¡œë”©ë¨, SQL ì„œë²„ì— ì ‘ì† ì‹œë„...
[0;39m[35m[2024-09-15 16:54:24][0;39m [32m[main][0;39m [34m[INFO ][0;39m [36mme.kirito5572.App[0;39m - [1;35mSQL ì„œë²„ ì—°ê²° ì„±ê³µ, API ì„œë¹„ìŠ¤ ì ‘ì†ì¤‘...
[0;39m[35m[2024-09-15 16:54:24][0;39m [32m[main][0;39m [34m[INFO ][0;39m [36mme.kirito5572.App[0;39m - [1;35mAPI ì„œë¹„ìŠ¤ ì ‘ì† ì„±ê³µ, ë´‡ ì‹œì‘ì¤‘... ê° ê¸°ëŠ¥ë¶€ ì‹¤í–‰
[0;39m[35m[2024-09-15 16:54:24][0;39m [32m[main][0;39m [34m[INFO ][0;39m [36mme.kirito5572.App[0;39m - [1;35më””ìŠ¤ì½”ë“œ ì„œë²„ì™€ ì—°ê²° ì¤€ë¹„ ì™„ë£Œ, ì ‘ì† ì‹œë„ì¤‘...
[0;39m[35m[2024-09-15 16:54:25][0;39m [32m[main][0;39m [34m[INFO ][0;39m [36mnet.dv8tion.jda.api.JDA[0;39m - [1;35mLogin Successful!
[0;39m[35m[2024-09-15 16:54:25][0;39m [32m[JDA MainWS-WriteThread][0;39m [34m[INFO ][0;39m [36mn.d.j.i.requests.WebSocketClient[0;39m - [1;35mConnected to WebSocket
[0;39m[35m[2024-09-15 16:54:26][0;39m [32m[JDA MainWS-ReadThread][0;39m [34m[INFO ][0;39m [36mnet.dv8tion.jda.api.JDA[0;39m - [1;35mFinished Loading!
[0;39m[35m[2024-09-15 16:54:26][0;39m [32m[JDA MainWS-ReadThread][0;39m [34m[INFO ][0;39m [36mm.k.listener.OnReadyListener[0;39m - [1;35mìë™í™” ì²˜ë¦¬ë¶€ ì‹œì‘ ì™„ë£Œ
[0;39m[35m[2024-09-15 16:54:26][0;39m [32m[JDA MainWS-ReadThread][0;39m [34m[INFO ][0;39m [36mm.kirito5572.listener.EventListener[0;39m - [1;35mì´ë²¤íŠ¸ ì²˜ë¦¬ë¶€ ì‹œì‘ ì™„ë£Œ
[0;39m[35m[2024-09-15 16:54:26][0;39m [32m[JDA MainWS-ReadThread][0;39m [34m[INFO ][0;39m [36mm.k.l.EmoteClickGiveRoleListener[0;39m - [1;35mê·œì¹™ ë™ì˜ ì²˜ë¦¬ë¶€ ì‹œì‘ ì™„ë£Œ
[0;39m[35m[2024-09-15 16:54:26][0;39m [32m[JDA MainWS-ReadThread][0;39m [34m[INFO ][0;39m [36mm.k.listener.FilterListener[0;39m - [1;35m í•„í„° ê¸°ëŠ¥ë¶€ ì¤€ë¹„ ì™„ë£Œ
[0;39m[35m[2024-09-15 16:54:26][0;39m [32m[JDA MainWS-ReadThread][0;39m [34m[INFO ][0;39m [36mm.k.listener.MessagePinListener[0;39m - [1;35m ë©”ì„¸ì§€ ê³ ì • ê¸°ëŠ¥ë¶€ ì¤€ë¹„ ì™„ë£Œ
[0;39m[35m[2024-09-15 16:54:26][0;39m [32m[main][0;39m [34m[INFO ][0;39m [36mme.kirito5572.App[0;39m - [1;35mì„œë²„ì™€ ì—°ê²° ì™„ë£Œ, ëª…ë ¹ì–´ ì²˜ë¦¬ë¶€ ì„œë²„ì™€ ì—°ê²° ì‹œì‘...
[0;39m[35m[2024-09-15 16:54:26][0;39m [32m[main][0;39m [34m[INFO ][0;39m [36mm.k.objects.main.CommandManager[0;39m - [1;35mëª…ë ¹ì–´ ë¡œë”©ì¤‘
[0;39m[35m[2024-09-15 16:54:26][0;39m [32m[main][0;39m [34m[INFO ][0;39m [36mm.k.objects.main.CommandManager[0;39m - [1;35mëª…ë ¹ì–´ ì…‹íŒ… ì™„ë£Œ
[0;39m[35m[2024-09-15 16:54:26][0;39m [32m[main][0;39m [34m[INFO ][0;39m [36mme.kirito5572.App[0;39m - [1;35mì—°ê²° ì™„ë£Œ. ë¶€íŒ… ì™„ë£Œ
[0;39m